ASTEROID_START_POS EQU 00037H
BREG		EQU 0401EH
BasicEnd	EQU 0519DH
CDFLAG		EQU 0403BH
CH_ADD		EQU 04016H
CLS		EQU 00A2AH
COORDS		EQU 04036H
DEBOUN		EQU 04027H
DEST		EQU 04012H
DF_CC		EQU 0400EH
DF_SZ		EQU 04022H
D_FILE		EQU 0400CH
Display		EQU 0498BH
E_LINE		EQU 04014H
E_PPC		EQU 0400AH
ExtraAllowAstOffBottom EQU 04CA4H
FLAGX		EQU 0402DH
FRAMES		EQU 04034H
KEYBOARD_READ_PORT EQU 000FEH
KEYBOARD_READ_PORT_A_TO_G EQU 000FDH
KEYBOARD_READ_PORT_P_TO_Y EQU 000DFH
KEYBOARD_READ_PORT_Q_TO_T EQU 000FBH
KEYBOARD_READ_PORT_SHIFT_TO_V EQU 000FEH
KEYBOARD_READ_PORT_SPACE_TO_B EQU 0007FH
LAST_K		EQU 04025H
LEVEL_COUNT_DOWN_INIT EQU 00004H
LEV_COUNTDOWN_TO_INVOKE_BOSS EQU 00001H
Line1		EQU 0407DH
Line1End	EQU 04979H
Line1Text	EQU 04081H
Line2		EQU 04979H
Line2End	EQU 0498BH
Line2Text	EQU 0497DH
LivesText	EQU 05090H
MARGIN		EQU 04028H
MEM		EQU 0401FH
MEMBOT		EQU 0403CH
MISSILE_COUNTDOWN_INIT EQU 00012H
MissileHitAsteroid EQU 0458FH
MissileHitBoss	EQU 04539H
MissileInFlightFlag EQU 05036H
NXTLIN		EQU 04029H
OLDPPC		EQU 0402BH
PLAYER_LIVES	EQU 00003H
PLAYER_START_POS EQU 0027DH
PR_CC		EQU 04038H
SCREEN_HEIGHT	EQU 00017H
SCREEN_WIDTH	EQU 00020H
SEED		EQU 04032H
STKBOT		EQU 0401AH
STKEND		EQU 0401CH
STRLEN		EQU 0402EH
S_POSN		EQU 04039H
S_TOP		EQU 04023H
TEMP_enemySpriteFrame EQU 0502EH
TEMP_enemySpritePointer EQU 05028H
TEMP_enemySpritePos_CUR EQU 0502AH
T_ADDR		EQU 04030H
TopLineText	EQU 05097H
UFOBonusCountUp	EQU 0506EH
UFOBonusSprite	EQU 04DBCH
UFOBonusSpritePointer EQU 0506FH
UFOValid	EQU 0506DH
UNUNSED2	EQU 0403EH
UNUSED1		EQU 04021H
VARS		EQU 04010H
VERSN		EQU 04009H
VSYNCLOOP	EQU 00001H
Variables	EQU 04CA4H
VariablesEnd	EQU 0519CH
X_PTR		EQU 04018H
YSpeed		EQU 05033H
_0		EQU 0001CH
_1		EQU 0001DH
_2		EQU 0001EH
_3		EQU 0001FH
_4		EQU 00020H
_5		EQU 00021H
_6		EQU 00022H
_7		EQU 00023H
_8		EQU 00024H
_9		EQU 00025H
_A		EQU 00026H
_AS		EQU 00017H
_B		EQU 00027H
_BL		EQU 00080H
_C		EQU 00028H
_CL		EQU 0000EH
_CM		EQU 0001AH
_CP		EQU 00011H
_D		EQU 00029H
_DT		EQU 0001BH
_E		EQU 0002AH
_EQ		EQU 00014H
_F		EQU 0002BH
_G		EQU 0002CH
_GT		EQU 00012H
_H		EQU 0002DH
_I		EQU 0002EH
_J		EQU 0002FH
_K		EQU 00030H
_L		EQU 00031H
_LT		EQU 00013H
_M		EQU 00032H
_MI		EQU 00016H
_N		EQU 00033H
_NL		EQU 00076H
_O		EQU 00034H
_OP		EQU 00010H
_P		EQU 00035H
_PD		EQU 0000CH
_PL		EQU 00015H
_Q		EQU 00036H
_QM		EQU 0000FH
_QT		EQU 0000BH
_R		EQU 00037H
_S		EQU 00038H
_SC		EQU 00019H
_SD		EQU 0000DH
_SL		EQU 00018H
_T		EQU 00039H
_U		EQU 0003AH
_V		EQU 0003BH
_W		EQU 0003CH
_X		EQU 0003DH
_Y		EQU 0003EH
_Z		EQU 0003FH
__		EQU 00000H
addOneToHund	EQU 048CDH
asteroidRowLeftPositionTemp EQU 047F1H
asteroidSpriteCycleCount EQU 05077H
asteroidSpriteData4x4 EQU 04F28H
asteroidSpritePointer EQU 05078H
asteroidTopLeftPositions EQU 047E1H
asteroidUFOCountUp EQU 043FFH
asteroidValidBitMap EQU 05010H
asteroidValidBitMapMaskTemp EQU 047F3H
awardNewLife	EQU 0491BH
bitsetMaskAsteroidTemp EQU 05076H
blankSprite	EQU 04F68H
blockFilled	EQU 04FC0H
bossLevelFlag	EQU 05069H
bossSpriteLocation EQU 05087H
checkForSharkHit EQU 04737H
checkIfMissileHit EQU 044E6H
checkIfPlayerHit EQU 04492H
checkNextPirateMissileHit EQU 0457EH
checkNextPirateMissileHit2 EQU 04589H
checkNextRegMissileHit EQU 04528H
checkNextRegMissileHit2 EQU 04533H
continueDrawShark EQU 04759H
continueGampLoop EQU 046E8H
continueToUpdateAsteroid EQU 043ACH
continueWithGameLoop EQU 04223H
credits_and_version_1 EQU 0515EH
credits_and_version_2 EQU 05174H
credits_and_version_3 EQU 05185H
currentMissilePosition EQU 05038H
currentPlayerLocation EQU 05034H
deadPlayerSpritePointer EQU 05072H
debugPrintAsteroidPos EQU 04375H
debugPrintAsteroidPos1stRow EQU 0483DH
debugPrintAsteroidPos2ndRow EQU 04858H
doFireMissile	EQU 0430FH
drawAsteroid	EQU 044ADH
drawSharkBonus	EQU 04738H
drawSprite	EQU 04872H
drawSprite_OR_BACKGROUND EQU 04883H
drawSprite_OR_ColLoop EQU 04886H
endBasic	EQU 0498BH
endDrawSharkBonus EQU 047BCH
endLoopLabelPriateCheck EQU 045F4H
endOfIncreaseScore EQU 04922H
endOfUpdateJollyRoger EQU 04479H
endOfVsync	EQU 04977H
endTestHaltLoop	EQU 0486EH
enemySprite4by4BlankPointer EQU 05031H
enemySprite5by8Blank EQU 05041H
enemySpriteFrameOne EQU 05030H
enemySpriteFrameZero EQU 0502FH
enemySpriteOnePos_CUR EQU 05024H
enemySpriteOnePos_DIR EQU 05020H
enemySpriteOnePos_END EQU 0501CH
enemySpriteOnePos_RATE EQU 05027H
enemySpriteOnePos_ST EQU 05018H
enemySpriteOne_HorizVert EQU 0502DH
enemySpriteZeroPos_CUR EQU 05022H
enemySpriteZeroPos_DIR EQU 0501EH
enemySpriteZeroPos_END EQU 0501AH
enemySpriteZeroPos_RATE EQU 05026H
enemySpriteZeroPos_ST EQU 05016H
enemySpriteZero_HorizVert EQU 0502CH
enemySprites	EQU 05031H
evenOddLoopCount EQU 05015H
evenOddLoopFlag	EQU 05014H
executeNextLevelStart EQU 046B8H
executeRestartLevel EQU 045FDH
explosionDelayLoop EQU 045BCH
explosionDelayLoop2 EQU 045BFH
explosionDrawLoop EQU 045ADH
explsion4x4	EQU 04E3CH
gameLevel	EQU 0503BH
gameLoop	EQU 041FDH
gameOverRestartFlag EQU 0508CH
game_objective_boarder EQU 05119H
game_objective_txt EQU 050FCH
goNextLevelFlag	EQU 0508DH
highScoreHundEqualCheckTens EQU 048E9H
high_Score_txt	EQU 0514AH
high_score_hund	EQU 05081H
high_score_tens	EQU 05080H
incScoreBossHitLoop EQU 0453FH
increaseScore	EQU 048BEH
increaseScoreSharkHitLoop EQU 04508H
initVariables	EQU 0417AH
initialiseAsteroids EQU 047F4H
introWaitLoop	EQU 04085H
introWaitLoop_1	EQU 04087H
introWaitLoop_2	EQU 040A7H
intro_title	EQU 040AEH
jollyRoger	EQU 04E88H
jollyRogerDirUpdate EQU 05084H
jollyRogerXPos	EQU 05086H
jollyRogerYPosCountDown EQU 05089H
keys_screen_txt_1 EQU 050C8H
keys_screen_txt_2 EQU 050E3H
last_Score_txt	EQU 05136H
last_score_mem_hund EQU 05083H
last_score_mem_tens EQU 05082H
levelCountDown	EQU 0503AH
limitTo2	EQU 0482BH
limitTo28	EQU 0482FH
missileCheckHitLoop EQU 04566H
missileCountDown EQU 05037H
missileData	EQU 04DACH
moveLeft	EQU 042BFH
moveRight	EQU 042E7H
noAdjustRand	EQU 04815H
noDebug		EQU 0438BH
noDrawSharkAndSetInvalid EQU 0479BH
noHitMissile	EQU 045CDH
noHitMissileBoss EQU 04553H
noJollyRogerDraw EQU 04295H
noMissileUpClearMissile EQU 043FAH
noMissileUpdate	EQU 043FEH
notriggerUFO	EQU 0441AH
pirateDirUpdate	EQU 0507AH
pirateFiringFlag EQU 05012H
pirateXPos	EQU 0507CH
playerDeathDelayLoop EQU 0463DH
playerDeathDelayLoop2 EQU 04640H
playerDeathDelayLoop3 EQU 0464AH
playerDeathDelayLoop4 EQU 0464DH
playerDeathLoop	EQU 04623H
playerHitSprite	EQU 04EC8H
playerLives	EQU 0507DH
playerSpriteData EQU 04F58H
playerSpritePointer EQU 05074H
playerXPos	EQU 05013H
preinit		EQU 04177H
previousbossSpriteLocation EQU 0508AH
printLivesAndScore EQU 04899H
printNumber	EQU 04956H
printNumber_loop EQU 0495AH
print_number16bits EQU 04935H
print_number8bits EQU 04940H
printstring	EQU 04923H
printstring_end	EQU 04933H
printstring_loop EQU 04928H
randAsteroidLocation EQU 0480BH
randLimitComplete EQU 04831H
randNextAsteroidPosition EQU 05011H
randomSeed	EQU 0508EH
read_start_key_1 EQU 04161H
read_start_key_2 EQU 0416CH
resetAsteroidSprite EQU 044DBH
resetEvenOddAndSetFlag EQU 0421AH
resetJollyRogerPos EQU 047BDH
resetRandSeed_1	EQU 0409AH
resetSharkSpriteSprite EQU 0474FH
resetUpdateAsteroid EQU 043C5H
restartLevelFlag EQU 05040H
reverseDirToNeg	EQU 04428H
reverseDirToPos	EQU 04471H
scoreNewLifeCheckTens EQU 0490FH
score_mem_hund	EQU 0507FH
score_mem_tens	EQU 0507EH
secondIntroWaitLoop EQU 040A5H
setBossLevelFlag EQU 046DEH
setEndOfLevelFlagJR EQU 04445H
setGameOverFlag	EQU 0466EH
setGameOverFlagJR EQU 04468H
setHighScore	EQU 048F6H
setRandomNumber16 EQU 04819H
sharkAbsoluteScreenPos EQU 0506BH
sharkPosX	EQU 0506AH
sharkSpriteCycleCount EQU 05071H
skipAddHund	EQU 048DBH
skipCheckBossHit EQU 04554H
skipCheckRestHighScore EQU 04904H
skipCheckUFOHit	EQU 0450FH
skipDrawAsteroid EQU 044E5H
skipFireKeyDetect_1 EQU 042BCH
skipGameOverFlagSet EQU 04673H
skipLaunchMissile EQU 0432BH
skipMissileDraw	EQU 04367H
skipPlayerHit	EQU 044ACH
skipUFOInGameLoop EQU 0425DH
sync		EQU 04971H
test_initialiseAsteroids EQU 04832H
title_screen_txt EQU 050B7H
triggerUFO	EQU 0440CH
updateAsteroidsPositions EQU 0436DH
updateJollyRoger EQU 0441BH
updateMissilePosition EQU 043E2H
updateRestOfScreen EQU 0432BH
vsync		EQU 0496DH
waitForTVSync	EQU 041FFH
